<?xml version="1.0" encoding="UTF-8"?>
<!-- Generated by org.testng.reporters.JUnitReportReporter -->
<testsuite hostname="DESKTOP-9LGLSBN" failures="0" tests="3" name="Demopackage.OrangeHRM" time="3.562" errors="0" timestamp="2025-07-08T22:09:05 IST" skipped="0">
  <testcase classname="Demopackage.OrangeHRM" name="TestLogo" time="3.495"/>
  <testcase classname="Demopackage.OrangeHRM" name="Appurl" time="0.046"/>
  <testcase classname="Demopackage.OrangeHRM" name="testHomePageTitle" time="0.021"/>
</testsuite> <!-- Demopackage.OrangeHRM -->
