<?xml version="1.0" encoding="UTF-8"?>
<!-- Generated by org.testng.reporters.JUnitReportReporter -->
<testsuite hostname="DESKTOP-9LGLSBN" failures="0" tests="1" name="testCases.SimpleDemo" time="1.941" errors="0" timestamp="2025-07-18T09:16:42 IST" skipped="0">
  <testcase classname="testCases.SimpleDemo" name="verify_Logo" time="1.941"/>
</testsuite> <!-- testCases.SimpleDemo -->
