<?xml version="1.0" encoding="UTF-8"?>
<!-- Generated by org.testng.reporters.JUnitReportReporter -->
<testsuite hostname="DESKTOP-9LGLSBN" failures="0" tests="1" name="testCases.SimpleDemo" time="0.705" errors="0" timestamp="2025-07-21T14:21:49 IST" skipped="0">
  <testcase classname="testCases.SimpleDemo" name="verify_Logo" time="0.705"/>
</testsuite> <!-- testCases.SimpleDemo -->
